Vivado Simulator v2025.1.0
Copyright 1986-2022 Xilinx, Inc. All Rights Reserved.
Copyright 2022-2025 Advanced Micro Devices, Inc. All Rights Reserved.
Running: /home/hoang-quan/2025.1/Vivado/bin/unwrapped/lnx64.o/xelab --incr --debug typical --relax --mt 8 -L xil_defaultlib -L unisims_ver -L unimacro_ver -L secureip --snapshot test_bench_behav xil_defaultlib.test_bench xil_defaultlib.glbl -log elaborate.log 
Using 8 slave threads.
WARNING: [XSIM 43-3431] One or more environment variables have been detected which affect the operation of the C compiler. These are typically not set in standard installations and are not tested by AMD, however they may be appropriate for your system, so the flow will attempt to continue.  If errors occur, try running xelab with the "-mt off -v 1" switches to see more information from the C compiler. The following environment variables have been detected:
Starting static elaboration
Pass Through NonSizing Optimizer
Completed static elaboration
Starting simulation data flow analysis
Completed simulation data flow analysis
Time Resolution for simulation is 1ps
Compiling module xil_defaultlib.MemorySingleCycle(NUM_WORDS=8192...
Compiling module xil_defaultlib.gp4
Compiling module xil_defaultlib.gp8
Compiling module xil_defaultlib.cla
Compiling module xil_defaultlib.divu_1iter
Compiling module xil_defaultlib.DividerUnsignedPipelined_default
Compiling module xil_defaultlib.RegFile
Compiling module xil_defaultlib.DatapathMultiCycle
Compiling module xil_defaultlib.Processor
Compiling module xil_defaultlib.test_bench
Compiling module xil_defaultlib.glbl
Built simulation snapshot test_bench_behav
