Time resolution is 1 ps

===== RUN ADDI / ADD / SUB (NO LOOP) =====

PC=00000000  INST=00a00093
x1=10  x2=0  x3=0  x4=0  x8=0  x10=0  HALT=0
PC=00000004  INST=00200113
x1=10  x2=2  x3=0  x4=0  x8=0  x10=0  HALT=0
PC=00000008  INST=0220c1b3
x1=10  x2=2  x3=0  x4=0  x8=0  x10=0  HALT=0
PC=00000008  INST=0220c1b3
x1=10  x2=2  x3=0  x4=0  x8=0  x10=0  HALT=0
PC=00000008  INST=0220c1b3
x1=10  x2=2  x3=0  x4=0  x8=0  x10=0  HALT=0
PC=00000008  INST=0220c1b3
x1=10  x2=2  x3=0  x4=0  x8=0  x10=0  HALT=0
PC=00000008  INST=0220c1b3
x1=10  x2=2  x3=0  x4=0  x8=0  x10=0  HALT=0
PC=00000008  INST=0220c1b3
x1=10  x2=2  x3=0  x4=0  x8=0  x10=0  HALT=0
PC=00000008  INST=0220c1b3
x1=10  x2=2  x3=0  x4=0  x8=0  x10=0  HALT=0
PC=00000008  INST=0220c1b3
x1=10  x2=2  x3=0  x4=0  x8=0  x10=0  HALT=0
PC=00000008  INST=0220c1b3
x1=10  x2=2  x3=0  x4=0  x8=0  x10=0  HALT=0
PC=00000008  INST=0220c1b3
x1=10  x2=2  x3=0  x4=0  x8=0  x10=0  HALT=0
PC=00000008  INST=0220c1b3
x1=10  x2=2  x3=0  x4=0  x8=0  x10=0  HALT=0
PC=00000008  INST=0220c1b3
x1=10  x2=2  x3=5  x4=0  x8=0  x10=0  HALT=0
PC=0000000c  INST=xxxxxxxx
x1=10  x2=2  x3=5  x4=0  x8=0  x10=0  HALT=0
PC=00000010  INST=xxxxxxxx
x1=10  x2=2  x3=5  x4=0  x8=0  x10=0  HALT=0
PC=00000014  INST=xxxxxxxx
x1=10  x2=2  x3=5  x4=0  x8=0  x10=0  HALT=0
PC=00000018  INST=xxxxxxxx
x1=10  x2=2  x3=5  x4=0  x8=0  x10=0  HALT=0
PC=0000001c  INST=xxxxxxxx
x1=10  x2=2  x3=5  x4=0  x8=0  x10=0  HALT=0
PC=00000020  INST=xxxxxxxx
x1=10  x2=2  x3=5  x4=0  x8=0  x10=0  HALT=0
===== TIMEOUT =====
$finish called at time : 216 ns : File "/home/hoang-quan/lab_Soc/Lab4/Lab4.srcs/sim_1/new/multicycle_tb.v" Line 74
